# JRE version: OpenJDK Runtime Environment Temurin-17.0.5+8 (17.0.5+8) (build 17.0.5+8)
# Java VM: OpenJDK 64-Bit Server VM Temurin-17.0.5+8 (17.0.5+8, mixed mode, sharing, tiered, compressed oops, compressed class ptrs, g1 gc, windows-amd64)
GC Precious Log:
 CPUs: 8 total, 8 available
 Memory: 16102M
 Large Page Support: Disabled
 NUMA Support: Disabled
 Compressed Oops: Enabled (Zero based)
 Heap Region Size: 2M
 Heap Min Capacity: 8M
 Heap Initial Capacity: 252M
 Heap Max Capacity: 4026M
 Pre-touch: Disabled
 Parallel Workers: 8
 Concurrent Workers: 2
 Concurrent Refinement Workers: 8
 Periodic GC: Disabled
Heap:
 garbage-first heap   total 774144K, used 546816K [0x0000000704600000, 0x0000000800000000)
  region size 2048K, 5 young (10240K), 5 survivors (10240K)
 Metaspace       used 8649K, committed 8832K, reserved 1056768K
  class space    used 1009K, committed 1088K, reserved 1048576K
GC Heap History (20 events):
Event: 157.954 GC heap after
{Heap after GC invocations=1 (full 0):
 garbage-first heap   total 258048K, used 7712K [0x0000000704600000, 0x0000000800000000)
  region size 2048K, 2 young (4096K), 2 survivors (4096K)
 Metaspace       used 8647K, committed 8832K, reserved 1056768K
  class space    used 1009K, committed 1088K, reserved 1048576K
}
Event: 157.982 GC heap before
{Heap before GC invocations=1 (full 0):
 garbage-first heap   total 258048K, used 26144K [0x0000000704600000, 0x0000000800000000)
  region size 2048K, 11 young (22528K), 2 survivors (4096K)
 Metaspace       used 8649K, committed 8832K, reserved 1056768K
  class space    used 1009K, committed 1088K, reserved 1048576K
}
Event: 157.989 GC heap after
{Heap after GC invocations=2 (full 0):
 garbage-first heap   total 258048K, used 16621K [0x0000000704600000, 0x0000000800000000)
  region size 2048K, 2 young (4096K), 2 survivors (4096K)
 Metaspace       used 8649K, committed 8832K, reserved 1056768K
  class space    used 1009K, committed 1088K, reserved 1048576K
}
Event: 158.036 GC heap before
{Heap before GC invocations=2 (full 0):
 garbage-first heap   total 258048K, used 69869K [0x0000000704600000, 0x0000000800000000)
  region size 2048K, 21 young (43008K), 2 survivors (4096K)
 Metaspace       used 8649K, committed 8832K, reserved 1056768K
  class space    used 1009K, committed 1088K, reserved 1048576K
}
Event: 158.083 GC heap after
{Heap after GC invocations=3 (full 0):
 garbage-first heap   total 258048K, used 69612K [0x0000000704600000, 0x0000000800000000)
  region size 2048K, 3 young (6144K), 3 survivors (6144K)
 Metaspace       used 8649K, committed 8832K, reserved 1056768K
  class space    used 1009K, committed 1088K, reserved 1048576K
}
Event: 158.109 GC heap before
{Heap before GC invocations=3 (full 0):
 garbage-first heap   total 258048K, used 100332K [0x0000000704600000, 0x0000000800000000)
  region size 2048K, 14 young (28672K), 3 survivors (6144K)
 Metaspace       used 8649K, committed 8832K, reserved 1056768K
  class space    used 1009K, committed 1088K, reserved 1048576K
}
Event: 158.134 GC heap after
{Heap after GC invocations=4 (full 0):
 garbage-first heap   total 258048K, used 103347K [0x0000000704600000, 0x0000000800000000)
  region size 2048K, 2 young (4096K), 2 survivors (4096K)
 Metaspace       used 8649K, committed 8832K, reserved 1056768K
  class space    used 1009K, committed 1088K, reserved 1048576K
}
Event: 158.176 GC heap before
{Heap before GC invocations=4 (full 0):
 garbage-first heap   total 258048K, used 146355K [0x0000000704600000, 0x0000000800000000)
  region size 2048K, 17 young (34816K), 2 survivors (4096K)
 Metaspace       used 8649K, committed 8832K, reserved 1056768K
  class space    used 1009K, committed 1088K, reserved 1048576K
}
Event: 158.217 GC heap after
{Heap after GC invocations=5 (full 0):
 garbage-first heap   total 258048K, used 147456K [0x0000000704600000, 0x0000000800000000)
  region size 2048K, 3 young (6144K), 3 survivors (6144K)
 Metaspace       used 8649K, committed 8832K, reserved 1056768K
  class space    used 1009K, committed 1088K, reserved 1048576K
}
Event: 158.249 GC heap before
{Heap before GC invocations=5 (full 0):
 garbage-first heap   total 258048K, used 172032K [0x0000000704600000, 0x0000000800000000)
  region size 2048K, 15 young (30720K), 3 survivors (6144K)
 Metaspace       used 8649K, committed 8832K, reserved 1056768K
  class space    used 1009K, committed 1088K, reserved 1048576K
}
Event: 158.280 GC heap after
{Heap after GC invocations=6 (full 0):
 garbage-first heap   total 774144K, used 175008K [0x0000000704600000, 0x0000000800000000)
  region size 2048K, 2 young (4096K), 2 survivors (4096K)
 Metaspace       used 8649K, committed 8832K, reserved 1056768K
  class space    used 1009K, committed 1088K, reserved 1048576K
}
Event: 158.381 GC heap before
{Heap before GC invocations=6 (full 0):
 garbage-first heap   total 774144K, used 236448K [0x0000000704600000, 0x0000000800000000)
  region size 2048K, 24 young (49152K), 2 survivors (4096K)
 Metaspace       used 8649K, committed 8832K, reserved 1056768K
  class space    used 1009K, committed 1088K, reserved 1048576K
}
Event: 158.411 GC heap after
{Heap after GC invocations=7 (full 0):
 garbage-first heap   total 774144K, used 239585K [0x0000000704600000, 0x0000000800000000)
  region size 2048K, 3 young (6144K), 3 survivors (6144K)
 Metaspace       used 8649K, committed 8832K, reserved 1056768K
  class space    used 1009K, committed 1088K, reserved 1048576K
}
Event: 158.492 GC heap before
{Heap before GC invocations=7 (full 0):
 garbage-first heap   total 774144K, used 282593K [0x0000000704600000, 0x0000000800000000)
  region size 2048K, 24 young (49152K), 3 survivors (6144K)
 Metaspace       used 8649K, committed 8832K, reserved 1056768K
  class space    used 1009K, committed 1088K, reserved 1048576K
}
Event: 158.533 GC heap after
{Heap after GC invocations=8 (full 0):
 garbage-first heap   total 774144K, used 286720K [0x0000000704600000, 0x0000000800000000)
  region size 2048K, 3 young (6144K), 3 survivors (6144K)
 Metaspace       used 8649K, committed 8832K, reserved 1056768K
  class space    used 1009K, committed 1088K, reserved 1048576K
}
Event: 158.586 GC heap before
{Heap before GC invocations=8 (full 0):
 garbage-first heap   total 774144K, used 329728K [0x0000000704600000, 0x0000000800000000)
  region size 2048K, 24 young (49152K), 3 survivors (6144K)
 Metaspace       used 8649K, committed 8832K, reserved 1056768K
  class space    used 1009K, committed 1088K, reserved 1048576K
}
Event: 158.614 GC heap after
{Heap after GC invocations=9 (full 0):
 garbage-first heap   total 774144K, used 331776K [0x0000000704600000, 0x0000000800000000)
  region size 2048K, 3 young (6144K), 3 survivors (6144K)
 Metaspace       used 8649K, committed 8832K, reserved 1056768K
  class space    used 1009K, committed 1088K, reserved 1048576K
}
Event: 158.775 GC heap before
{Heap before GC invocations=10 (full 0):
 garbage-first heap   total 774144K, used 479232K [0x0000000704600000, 0x0000000800000000)
  region size 2048K, 57 young (116736K), 3 survivors (6144K)
 Metaspace       used 8649K, committed 8832K, reserved 1056768K
  class space    used 1009K, committed 1088K, reserved 1048576K
}
Event: 158.840 GC heap after
{Heap after GC invocations=11 (full 0):
 garbage-first heap   total 774144K, used 483328K [0x0000000704600000, 0x0000000800000000)
  region size 2048K, 8 young (16384K), 8 survivors (16384K)
 Metaspace       used 8649K, committed 8832K, reserved 1056768K
  class space    used 1009K, committed 1088K, reserved 1048576K
}
Event: 158.888 GC heap before
{Heap before GC invocations=11 (full 0):
 garbage-first heap   total 774144K, used 542720K [0x0000000704600000, 0x0000000800000000)
  region size 2048K, 37 young (75776K), 8 survivors (16384K)
 Metaspace       used 8649K, committed 8832K, reserved 1056768K
  class space    used 1009K, committed 1088K, reserved 1048576K
}

