# JRE version: OpenJDK Runtime Environment Temurin-17.0.5+8 (17.0.5+8) (build 17.0.5+8)
# Java VM: OpenJDK 64-Bit Server VM Temurin-17.0.5+8 (17.0.5+8, mixed mode, sharing, tiered, compressed oops, compressed class ptrs, g1 gc, windows-amd64)
GC Precious Log:
 CPUs: 8 total, 8 available
 Memory: 16102M
 Large Page Support: Disabled
 NUMA Support: Disabled
 Compressed Oops: Enabled (Zero based)
 Heap Region Size: 2M
 Heap Min Capacity: 8M
 Heap Initial Capacity: 252M
 Heap Max Capacity: 4026M
 Pre-touch: Disabled
 Parallel Workers: 8
 Concurrent Workers: 2
 Concurrent Refinement Workers: 8
 Periodic GC: Disabled
Heap:
 garbage-first heap   total 774144K, used 464592K [0x0000000704600000, 0x0000000800000000)
  region size 2048K, 4 young (8192K), 4 survivors (8192K)
 Metaspace       used 8685K, committed 8896K, reserved 1056768K
  class space    used 1008K, committed 1152K, reserved 1048576K
GC Heap History (20 events):
Event: 5.451 GC heap after
{Heap after GC invocations=1 (full 0):
 garbage-first heap   total 258048K, used 4484K [0x0000000704600000, 0x0000000800000000)
  region size 2048K, 2 young (4096K), 2 survivors (4096K)
 Metaspace       used 8657K, committed 8896K, reserved 1056768K
  class space    used 1008K, committed 1152K, reserved 1048576K
}
Event: 5.566 GC heap before
{Heap before GC invocations=1 (full 0):
 garbage-first heap   total 258048K, used 33156K [0x0000000704600000, 0x0000000800000000)
  region size 2048K, 16 young (32768K), 2 survivors (4096K)
 Metaspace       used 8685K, committed 8896K, reserved 1056768K
  class space    used 1008K, committed 1152K, reserved 1048576K
}
Event: 5.578 GC heap after
{Heap after GC invocations=2 (full 0):
 garbage-first heap   total 258048K, used 17140K [0x0000000704600000, 0x0000000800000000)
  region size 2048K, 2 young (4096K), 2 survivors (4096K)
 Metaspace       used 8685K, committed 8896K, reserved 1056768K
  class space    used 1008K, committed 1152K, reserved 1048576K
}
Event: 5.665 GC heap before
{Heap before GC invocations=2 (full 0):
 garbage-first heap   total 258048K, used 88820K [0x0000000704600000, 0x0000000800000000)
  region size 2048K, 26 young (53248K), 2 survivors (4096K)
 Metaspace       used 8685K, committed 8896K, reserved 1056768K
  class space    used 1008K, committed 1152K, reserved 1048576K
}
Event: 5.731 GC heap after
{Heap after GC invocations=3 (full 0):
 garbage-first heap   total 258048K, used 88838K [0x0000000704600000, 0x0000000800000000)
  region size 2048K, 4 young (8192K), 4 survivors (8192K)
 Metaspace       used 8685K, committed 8896K, reserved 1056768K
  class space    used 1008K, committed 1152K, reserved 1048576K
}
Event: 5.746 GC heap before
{Heap before GC invocations=3 (full 0):
 garbage-first heap   total 258048K, used 107270K [0x0000000704600000, 0x0000000800000000)
  region size 2048K, 13 young (26624K), 4 survivors (8192K)
 Metaspace       used 8685K, committed 8896K, reserved 1056768K
  class space    used 1008K, committed 1152K, reserved 1048576K
}
Event: 5.772 GC heap after
{Heap after GC invocations=4 (full 0):
 garbage-first heap   total 258048K, used 111616K [0x0000000704600000, 0x0000000800000000)
  region size 2048K, 2 young (4096K), 2 survivors (4096K)
 Metaspace       used 8685K, committed 8896K, reserved 1056768K
  class space    used 1008K, committed 1152K, reserved 1048576K
}
Event: 5.777 GC heap before
{Heap before GC invocations=4 (full 0):
 garbage-first heap   total 258048K, used 117760K [0x0000000704600000, 0x0000000800000000)
  region size 2048K, 6 young (12288K), 2 survivors (4096K)
 Metaspace       used 8685K, committed 8896K, reserved 1056768K
  class space    used 1008K, committed 1152K, reserved 1048576K
}
Event: 5.784 GC heap after
{Heap after GC invocations=5 (full 0):
 garbage-first heap   total 258048K, used 120493K [0x0000000704600000, 0x0000000800000000)
  region size 2048K, 2 young (4096K), 2 survivors (4096K)
 Metaspace       used 8685K, committed 8896K, reserved 1056768K
  class space    used 1008K, committed 1152K, reserved 1048576K
}
Event: 5.834 GC heap before
{Heap before GC invocations=5 (full 0):
 garbage-first heap   total 258048K, used 167597K [0x0000000704600000, 0x0000000800000000)
  region size 2048K, 19 young (38912K), 2 survivors (4096K)
 Metaspace       used 8685K, committed 8896K, reserved 1056768K
  class space    used 1008K, committed 1152K, reserved 1048576K
}
Event: 5.868 GC heap after
{Heap after GC invocations=6 (full 0):
 garbage-first heap   total 774144K, used 168303K [0x0000000704600000, 0x0000000800000000)
  region size 2048K, 3 young (6144K), 3 survivors (6144K)
 Metaspace       used 8685K, committed 8896K, reserved 1056768K
  class space    used 1008K, committed 1152K, reserved 1048576K
}
Event: 5.924 GC heap before
{Heap before GC invocations=6 (full 0):
 garbage-first heap   total 602112K, used 203119K [0x0000000704600000, 0x0000000800000000)
  region size 2048K, 20 young (40960K), 3 survivors (6144K)
 Metaspace       used 8685K, committed 8896K, reserved 1056768K
  class space    used 1008K, committed 1152K, reserved 1048576K
}
Event: 5.950 GC heap after
{Heap after GC invocations=7 (full 0):
 garbage-first heap   total 602112K, used 207215K [0x0000000704600000, 0x0000000800000000)
  region size 2048K, 3 young (6144K), 3 survivors (6144K)
 Metaspace       used 8685K, committed 8896K, reserved 1056768K
  class space    used 1008K, committed 1152K, reserved 1048576K
}
Event: 5.976 GC heap before
{Heap before GC invocations=7 (full 0):
 garbage-first heap   total 602112K, used 242031K [0x0000000704600000, 0x0000000800000000)
  region size 2048K, 20 young (40960K), 3 survivors (6144K)
 Metaspace       used 8685K, committed 8896K, reserved 1056768K
  class space    used 1008K, committed 1152K, reserved 1048576K
}
Event: 5.997 GC heap after
{Heap after GC invocations=8 (full 0):
 garbage-first heap   total 602112K, used 244902K [0x0000000704600000, 0x0000000800000000)
  region size 2048K, 3 young (6144K), 3 survivors (6144K)
 Metaspace       used 8685K, committed 8896K, reserved 1056768K
  class space    used 1008K, committed 1152K, reserved 1048576K
}
Event: 6.097 GC heap before
{Heap before GC invocations=9 (full 0):
 garbage-first heap   total 602112K, used 359590K [0x0000000704600000, 0x0000000800000000)
  region size 2048K, 47 young (96256K), 3 survivors (6144K)
 Metaspace       used 8685K, committed 8896K, reserved 1056768K
  class space    used 1008K, committed 1152K, reserved 1048576K
}
Event: 6.153 GC heap after
{Heap after GC invocations=10 (full 0):
 garbage-first heap   total 602112K, used 362863K [0x0000000704600000, 0x0000000800000000)
  region size 2048K, 6 young (12288K), 6 survivors (12288K)
 Metaspace       used 8685K, committed 8896K, reserved 1056768K
  class space    used 1008K, committed 1152K, reserved 1048576K
}
Event: 6.161 GC heap before
{Heap before GC invocations=10 (full 0):
 garbage-first heap   total 602112K, used 371055K [0x0000000704600000, 0x0000000800000000)
  region size 2048K, 11 young (22528K), 6 survivors (12288K)
 Metaspace       used 8685K, committed 8896K, reserved 1056768K
  class space    used 1008K, committed 1152K, reserved 1048576K
}
Event: 6.174 GC heap after
{Heap after GC invocations=11 (full 0):
 garbage-first heap   total 602112K, used 375151K [0x0000000704600000, 0x0000000800000000)
  region size 2048K, 4 young (8192K), 4 survivors (8192K)
 Metaspace       used 8685K, committed 8896K, reserved 1056768K
  class space    used 1008K, committed 1152K, reserved 1048576K
}
Event: 6.304 GC heap before
{Heap before GC invocations=11 (full 0):
 garbage-first heap   total 602112K, used 461167K [0x0000000704600000, 0x0000000800000000)
  region size 2048K, 28 young (57344K), 4 survivors (8192K)
 Metaspace       used 8685K, committed 8896K, reserved 1056768K
  class space    used 1008K, committed 1152K, reserved 1048576K
}

